{"/Users/mrazadar/Projects/practice/boot-dev/ts-web-scrapper/src/crawl.ts": {"path":"/Users/mrazadar/Projects/practice/boot-dev/ts-web-scrapper/src/crawl.ts","all":false,"statementMap":{"6":{"start":{"line":7,"column":0},"end":{"line":7,"column":52}},"8":{"start":{"line":9,"column":0},"end":{"line":9,"column":33}},"11":{"start":{"line":12,"column":0},"end":{"line":12,"column":57}},"14":{"start":{"line":15,"column":0},"end":{"line":15,"column":44}},"15":{"start":{"line":16,"column":0},"end":{"line":16,"column":2}}},"s":{"6":1,"8":9,"11":9,"14":9,"15":9},"branchMap":{"0":{"type":"branch","line":7,"loc":{"start":{"line":7,"column":28},"end":{"line":16,"column":2}},"locations":[{"start":{"line":7,"column":28},"end":{"line":16,"column":2}}]}},"b":{"0":[9]},"fnMap":{"0":{"name":"normalizeURL","decl":{"start":{"line":7,"column":28},"end":{"line":16,"column":2}},"loc":{"start":{"line":7,"column":28},"end":{"line":16,"column":2}},"line":7}},"f":{"0":9}}
,"/Users/mrazadar/Projects/practice/boot-dev/ts-web-scrapper/src/index.ts": {"path":"/Users/mrazadar/Projects/practice/boot-dev/ts-web-scrapper/src/index.ts","all":true,"statementMap":{"0":{"start":{"line":1,"column":0},"end":{"line":1,"column":28}}},"s":{"0":0},"branchMap":{"0":{"type":"branch","line":1,"loc":{"start":{"line":1,"column":28},"end":{"line":1,"column":28}},"locations":[{"start":{"line":1,"column":28},"end":{"line":1,"column":28}}]}},"b":{"0":[0]},"fnMap":{"0":{"name":"(empty-report)","decl":{"start":{"line":1,"column":28},"end":{"line":1,"column":28}},"loc":{"start":{"line":1,"column":28},"end":{"line":1,"column":28}},"line":1}},"f":{"0":0}}
,"/Users/mrazadar/Projects/practice/boot-dev/ts-web-scrapper/src/parseHtml.ts": {"path":"/Users/mrazadar/Projects/practice/boot-dev/ts-web-scrapper/src/parseHtml.ts","all":false,"statementMap":{"0":{"start":{"line":1,"column":0},"end":{"line":1,"column":30}},"5":{"start":{"line":6,"column":0},"end":{"line":6,"column":48}},"6":{"start":{"line":7,"column":0},"end":{"line":7,"column":30}},"7":{"start":{"line":8,"column":0},"end":{"line":8,"column":56}},"8":{"start":{"line":9,"column":0},"end":{"line":9,"column":40}},"9":{"start":{"line":10,"column":0},"end":{"line":10,"column":2}},"16":{"start":{"line":17,"column":0},"end":{"line":17,"column":60}},"17":{"start":{"line":18,"column":0},"end":{"line":18,"column":30}},"18":{"start":{"line":19,"column":0},"end":{"line":19,"column":60}},"19":{"start":{"line":20,"column":0},"end":{"line":20,"column":22}},"20":{"start":{"line":21,"column":0},"end":{"line":21,"column":32}},"21":{"start":{"line":22,"column":0},"end":{"line":22,"column":45}},"22":{"start":{"line":23,"column":0},"end":{"line":23,"column":38}},"23":{"start":{"line":24,"column":0},"end":{"line":24,"column":2}},"35":{"start":{"line":36,"column":0},"end":{"line":36,"column":77}},"36":{"start":{"line":37,"column":0},"end":{"line":37,"column":30}},"37":{"start":{"line":38,"column":0},"end":{"line":38,"column":58}},"38":{"start":{"line":39,"column":0},"end":{"line":39,"column":18}},"39":{"start":{"line":40,"column":0},"end":{"line":40,"column":42}},"40":{"start":{"line":41,"column":0},"end":{"line":41,"column":26}},"41":{"start":{"line":42,"column":0},"end":{"line":42,"column":43}},"44":{"start":{"line":45,"column":0},"end":{"line":45,"column":39}},"45":{"start":{"line":46,"column":0},"end":{"line":46,"column":41}},"46":{"start":{"line":47,"column":0},"end":{"line":47,"column":32}},"47":{"start":{"line":48,"column":0},"end":{"line":48,"column":22}},"48":{"start":{"line":49,"column":0},"end":{"line":49,"column":32}},"49":{"start":{"line":50,"column":0},"end":{"line":50,"column":61}},"50":{"start":{"line":51,"column":0},"end":{"line":51,"column":42}},"51":{"start":{"line":52,"column":0},"end":{"line":52,"column":5}},"52":{"start":{"line":53,"column":0},"end":{"line":53,"column":3}},"53":{"start":{"line":54,"column":0},"end":{"line":54,"column":14}},"54":{"start":{"line":55,"column":0},"end":{"line":55,"column":2}},"56":{"start":{"line":57,"column":0},"end":{"line":57,"column":79}},"57":{"start":{"line":58,"column":0},"end":{"line":58,"column":30}},"58":{"start":{"line":59,"column":0},"end":{"line":59,"column":61}},"59":{"start":{"line":60,"column":0},"end":{"line":60,"column":18}},"60":{"start":{"line":61,"column":0},"end":{"line":61,"column":43}},"61":{"start":{"line":62,"column":0},"end":{"line":62,"column":28}},"62":{"start":{"line":63,"column":0},"end":{"line":63,"column":42}},"68":{"start":{"line":69,"column":0},"end":{"line":69,"column":37}},"69":{"start":{"line":70,"column":0},"end":{"line":70,"column":40}},"70":{"start":{"line":71,"column":0},"end":{"line":71,"column":32}},"72":{"start":{"line":73,"column":0},"end":{"line":73,"column":21}},"73":{"start":{"line":74,"column":0},"end":{"line":74,"column":21}},"74":{"start":{"line":75,"column":0},"end":{"line":75,"column":5}},"75":{"start":{"line":76,"column":0},"end":{"line":76,"column":3}},"76":{"start":{"line":77,"column":0},"end":{"line":77,"column":14}},"77":{"start":{"line":78,"column":0},"end":{"line":78,"column":2}},"83":{"start":{"line":84,"column":0},"end":{"line":84,"column":67}},"84":{"start":{"line":85,"column":0},"end":{"line":85,"column":30}},"85":{"start":{"line":86,"column":0},"end":{"line":86,"column":39}},"86":{"start":{"line":87,"column":0},"end":{"line":87,"column":22}},"87":{"start":{"line":88,"column":0},"end":{"line":88,"column":33}},"88":{"start":{"line":89,"column":0},"end":{"line":89,"column":57}},"89":{"start":{"line":90,"column":0},"end":{"line":90,"column":53}},"90":{"start":{"line":91,"column":0},"end":{"line":91,"column":55}},"91":{"start":{"line":92,"column":0},"end":{"line":92,"column":10}},"92":{"start":{"line":93,"column":0},"end":{"line":93,"column":8}},"93":{"start":{"line":94,"column":0},"end":{"line":94,"column":7}},"94":{"start":{"line":95,"column":0},"end":{"line":95,"column":36}},"95":{"start":{"line":96,"column":0},"end":{"line":96,"column":34}},"96":{"start":{"line":97,"column":0},"end":{"line":97,"column":26}},"97":{"start":{"line":98,"column":0},"end":{"line":98,"column":4}},"98":{"start":{"line":99,"column":0},"end":{"line":99,"column":2}}},"s":{"0":1,"5":1,"6":4,"7":4,"8":4,"9":4,"16":1,"17":5,"18":5,"19":5,"20":2,"21":3,"22":5,"23":5,"35":1,"36":2,"37":2,"38":2,"39":2,"40":2,"41":2,"44":2,"45":1,"46":1,"47":1,"48":1,"49":1,"50":1,"51":1,"52":2,"53":2,"54":2,"56":1,"57":4,"58":4,"59":4,"60":4,"61":3,"62":3,"68":3,"69":2,"70":2,"72":3,"73":1,"74":1,"75":3,"76":4,"77":4,"83":1,"84":1,"85":1,"86":1,"87":1,"88":1,"89":1,"90":1,"91":1,"92":1,"93":1,"94":1,"95":1,"96":1,"97":1,"98":1},"branchMap":{"0":{"type":"branch","line":6,"loc":{"start":{"line":6,"column":29},"end":{"line":10,"column":2}},"locations":[{"start":{"line":6,"column":29},"end":{"line":10,"column":2}}]},"1":{"type":"branch","line":9,"loc":{"start":{"line":9,"column":9},"end":{"line":9,"column":37}},"locations":[{"start":{"line":9,"column":9},"end":{"line":9,"column":37}}]},"2":{"type":"branch","line":9,"loc":{"start":{"line":9,"column":23},"end":{"line":9,"column":40}},"locations":[{"start":{"line":9,"column":23},"end":{"line":9,"column":40}}]},"3":{"type":"branch","line":17,"loc":{"start":{"line":17,"column":41},"end":{"line":24,"column":2}},"locations":[{"start":{"line":17,"column":41},"end":{"line":24,"column":2}}]},"4":{"type":"branch","line":20,"loc":{"start":{"line":20,"column":15},"end":{"line":21,"column":32}},"locations":[{"start":{"line":20,"column":15},"end":{"line":21,"column":32}}]},"5":{"type":"branch","line":21,"loc":{"start":{"line":21,"column":31},"end":{"line":22,"column":45}},"locations":[{"start":{"line":21,"column":31},"end":{"line":22,"column":45}}]},"6":{"type":"branch","line":23,"loc":{"start":{"line":23,"column":9},"end":{"line":23,"column":35}},"locations":[{"start":{"line":23,"column":9},"end":{"line":23,"column":35}}]},"7":{"type":"branch","line":23,"loc":{"start":{"line":23,"column":21},"end":{"line":23,"column":38}},"locations":[{"start":{"line":23,"column":21},"end":{"line":23,"column":38}}]},"8":{"type":"branch","line":36,"loc":{"start":{"line":36,"column":31},"end":{"line":55,"column":2}},"locations":[{"start":{"line":36,"column":31},"end":{"line":55,"column":2}}]},"9":{"type":"branch","line":45,"loc":{"start":{"line":45,"column":38},"end":{"line":52,"column":5}},"locations":[{"start":{"line":45,"column":38},"end":{"line":52,"column":5}}]},"10":{"type":"branch","line":57,"loc":{"start":{"line":57,"column":33},"end":{"line":78,"column":2}},"locations":[{"start":{"line":57,"column":33},"end":{"line":78,"column":2}}]},"11":{"type":"branch","line":61,"loc":{"start":{"line":61,"column":42},"end":{"line":76,"column":3}},"locations":[{"start":{"line":61,"column":42},"end":{"line":76,"column":3}}]},"12":{"type":"branch","line":69,"loc":{"start":{"line":69,"column":36},"end":{"line":73,"column":15}},"locations":[{"start":{"line":69,"column":36},"end":{"line":73,"column":15}}]},"13":{"type":"branch","line":73,"loc":{"start":{"line":73,"column":4},"end":{"line":75,"column":5}},"locations":[{"start":{"line":73,"column":4},"end":{"line":75,"column":5}}]},"14":{"type":"branch","line":84,"loc":{"start":{"line":84,"column":31},"end":{"line":99,"column":2}},"locations":[{"start":{"line":84,"column":31},"end":{"line":99,"column":2}}]}},"b":{"0":[4],"1":[2],"2":[2],"3":[5],"4":[2],"5":[3],"6":[3],"7":[2],"8":[2],"9":[1],"10":[4],"11":[3],"12":[2],"13":[1],"14":[1]},"fnMap":{"0":{"name":"getH1FromHtml","decl":{"start":{"line":6,"column":29},"end":{"line":10,"column":2}},"loc":{"start":{"line":6,"column":29},"end":{"line":10,"column":2}},"line":6},"1":{"name":"getFirstParagraphFromHtml","decl":{"start":{"line":17,"column":41},"end":{"line":24,"column":2}},"loc":{"start":{"line":17,"column":41},"end":{"line":24,"column":2}},"line":17},"2":{"name":"getURLsFromHTML","decl":{"start":{"line":36,"column":31},"end":{"line":55,"column":2}},"loc":{"start":{"line":36,"column":31},"end":{"line":55,"column":2}},"line":36},"3":{"name":"getImagesFromHTML","decl":{"start":{"line":57,"column":33},"end":{"line":78,"column":2}},"loc":{"start":{"line":57,"column":33},"end":{"line":78,"column":2}},"line":57},"4":{"name":"extractPageData","decl":{"start":{"line":84,"column":31},"end":{"line":99,"column":2}},"loc":{"start":{"line":84,"column":31},"end":{"line":99,"column":2}},"line":84}},"f":{"0":4,"1":5,"2":2,"3":4,"4":1}}
}
